<?xml version="1.0" encoding="UTF-8"?>
<testsuite name="beans.TileTest" tests="4" skipped="0" failures="0" errors="0" timestamp="2022-11-08T16:39:09" hostname="TII-MSICKLINGER1" time="0.018">
  <properties/>
  <testcase name="testTileValues()" classname="beans.TileTest" time="0.014"/>
  <testcase name="testTile()" classname="beans.TileTest" time="0.001"/>
  <testcase name="testImmutability1()" classname="beans.TileTest" time="0.001"/>
  <testcase name="testImmutability2()" classname="beans.TileTest" time="0.0"/>
  <system-out><![CDATA[]]></system-out>
  <system-err><![CDATA[]]></system-err>
</testsuite>
